parabdcollector/build/intermediates/manifest_merge_blame_file/debug/processDebugMainManifest/manifest-merger-blame-debug-report.txt
1<?xml version="1.0" encoding="utf-8"?>
2<manifest xmlns:android="http://schemas.android.com/apk/res/android"
3    package="com.example.parabdcollector"
4    android:versionCode="1"
5    android:versionName="1.0" >
6
7    <uses-sdk
8        android:minSdkVersion="25"
9        android:targetSdkVersion="34" />
10
11    <!-- Permission pour accéder à Internet -->
12    <uses-permission android:name="android.permission.INTERNET" />
12-->src\main\AndroidManifest.xml:5:5-67
12-->src\main\AndroidManifest.xml:5:22-64
13
14    <!-- On clarifie que la caméra est une fonctionnalité facultative -->
15    <uses-feature
15-->src\main\AndroidManifest.xml:8:5-85
16        android:name="android.hardware.camera"
16-->src\main\AndroidManifest.xml:8:19-57
17        android:required="false" />
17-->src\main\AndroidManifest.xml:8:58-82
18
19    <uses-permission android:name="android.permission.CAMERA" />
19-->src\main\AndroidManifest.xml:9:5-65
19-->src\main\AndroidManifest.xml:9:22-62
20
21    <permission
21-->[androidx.core:core:1.13.1] AndroidManifest.xml:22:5-24:47
22        android:name="com.example.parabdcollector.DYNAMIC_RECEIVER_NOT_EXPORTED_PERMISSION"
22-->[androidx.core:core:1.13.1] AndroidManifest.xml:23:9-81
23        android:protectionLevel="signature" />
23-->[androidx.core:core:1.13.1] AndroidManifest.xml:24:9-44
24
25    <uses-permission android:name="com.example.parabdcollector.DYNAMIC_RECEIVER_NOT_EXPORTED_PERMISSION" /> <!-- Although the *SdkVersion is captured in gradle build files, this is required for non gradle builds -->
25-->[androidx.core:core:1.13.1] AndroidManifest.xml:26:5-97
25-->[androidx.core:core:1.13.1] AndroidManifest.xml:26:22-94
26    <!-- <uses-sdk android:minSdkVersion="14"/> -->
27    <uses-permission android:name="android.permission.ACCESS_NETWORK_STATE" />
27-->[com.google.android.datatransport:transport-backend-cct:3.1.0] AndroidManifest.xml:25:5-79
27-->[com.google.android.datatransport:transport-backend-cct:3.1.0] AndroidManifest.xml:25:22-76
28
29    <application
29-->src\main\AndroidManifest.xml:11:5-48:19
30        android:name="com.example.parabdcollector.CollectionApplication"
30-->src\main\AndroidManifest.xml:12:9-46
31        android:allowBackup="true"
31-->src\main\AndroidManifest.xml:13:9-35
32        android:appComponentFactory="androidx.core.app.CoreComponentFactory"
32-->[androidx.core:core:1.13.1] AndroidManifest.xml:28:18-86
33        android:dataExtractionRules="@xml/data_extraction_rules"
33-->src\main\AndroidManifest.xml:14:9-65
34        android:debuggable="true"
35        android:extractNativeLibs="false"
36        android:fullBackupContent="@xml/backup_rules"
36-->src\main\AndroidManifest.xml:15:9-54
37        android:icon="@mipmap/ic_launcher"
37-->src\main\AndroidManifest.xml:16:9-43
38        android:label="@string/app_name"
38-->src\main\AndroidManifest.xml:17:9-41
39        android:roundIcon="@mipmap/ic_launcher_round"
39-->src\main\AndroidManifest.xml:18:9-54
40        android:supportsRtl="true"
40-->src\main\AndroidManifest.xml:19:9-35
41        android:testOnly="true"
42        android:theme="@style/Theme.ParaBDCollector" >
42-->src\main\AndroidManifest.xml:20:9-53
43        <activity
43-->src\main\AndroidManifest.xml:21:9-29:20
44            android:name="com.example.parabdcollector.ui.MainActivity"
44-->src\main\AndroidManifest.xml:22:13-44
45            android:exported="true"
45-->src\main\AndroidManifest.xml:23:13-36
46            android:theme="@style/Theme.ParaBDCollector" > <!-- On force le thème NoActionBar -->
46-->src\main\AndroidManifest.xml:24:13-57
47            <intent-filter>
47-->src\main\AndroidManifest.xml:25:13-28:29
48                <action android:name="android.intent.action.MAIN" />
48-->src\main\AndroidManifest.xml:26:17-69
48-->src\main\AndroidManifest.xml:26:25-66
49
50                <category android:name="android.intent.category.LAUNCHER" />
50-->src\main\AndroidManifest.xml:27:17-77
50-->src\main\AndroidManifest.xml:27:27-74
51            </intent-filter>
52        </activity>
53        <activity android:name="com.example.parabdcollector.ui.EditItemActivity" />
53-->src\main\AndroidManifest.xml:30:9-57
53-->src\main\AndroidManifest.xml:30:19-54
54        <activity android:name="com.example.parabdcollector.ui.SearchActivity" />
54-->src\main\AndroidManifest.xml:31:9-55
54-->src\main\AndroidManifest.xml:31:19-52
55        <activity android:name="com.example.parabdcollector.ui.ItemListActivity" />
55-->src\main\AndroidManifest.xml:32:9-57
55-->src\main\AndroidManifest.xml:32:19-54
56        <activity android:name="com.example.parabdcollector.ui.CategoryListActivity" />
56-->src\main\AndroidManifest.xml:33:9-61
56-->src\main\AndroidManifest.xml:33:19-58
57        <activity
57-->src\main\AndroidManifest.xml:34:9-36:71
58            android:name="com.example.parabdcollector.ui.FullScreenImageActivity"
58-->src\main\AndroidManifest.xml:35:13-55
59            android:theme="@style/Theme.ParaBDCollector.FullScreen" />
59-->src\main\AndroidManifest.xml:36:13-68
60
61        <provider
62            android:name="androidx.core.content.FileProvider"
62-->src\main\AndroidManifest.xml:39:13-62
63            android:authorities="com.example.parabdcollector.provider"
63-->src\main\AndroidManifest.xml:40:13-60
64            android:exported="false"
64-->src\main\AndroidManifest.xml:41:13-37
65            android:grantUriPermissions="true" >
65-->src\main\AndroidManifest.xml:42:13-47
66            <meta-data
66-->src\main\AndroidManifest.xml:43:13-45:58
67                android:name="android.support.FILE_PROVIDER_PATHS"
67-->src\main\AndroidManifest.xml:44:17-67
68                android:resource="@xml/provider_paths" />
68-->src\main\AndroidManifest.xml:45:17-55
69        </provider>
70        <provider
70-->[androidx.emoji2:emoji2:1.2.0] AndroidManifest.xml:24:9-32:20
71            android:name="androidx.startup.InitializationProvider"
71-->[androidx.emoji2:emoji2:1.2.0] AndroidManifest.xml:25:13-67
72            android:authorities="com.example.parabdcollector.androidx-startup"
72-->[androidx.emoji2:emoji2:1.2.0] AndroidManifest.xml:26:13-68
73            android:exported="false" >
73-->[androidx.emoji2:emoji2:1.2.0] AndroidManifest.xml:27:13-37
74            <meta-data
74-->[androidx.emoji2:emoji2:1.2.0] AndroidManifest.xml:29:13-31:52
75                android:name="androidx.emoji2.text.EmojiCompatInitializer"
75-->[androidx.emoji2:emoji2:1.2.0] AndroidManifest.xml:30:17-75
76                android:value="androidx.startup" />
76-->[androidx.emoji2:emoji2:1.2.0] AndroidManifest.xml:31:17-49
77            <meta-data
77-->[androidx.lifecycle:lifecycle-process:2.7.0] AndroidManifest.xml:29:13-31:52
78                android:name="androidx.lifecycle.ProcessLifecycleInitializer"
78-->[androidx.lifecycle:lifecycle-process:2.7.0] AndroidManifest.xml:30:17-78
79                android:value="androidx.startup" />
79-->[androidx.lifecycle:lifecycle-process:2.7.0] AndroidManifest.xml:31:17-49
80            <meta-data
80-->[androidx.profileinstaller:profileinstaller:1.3.1] AndroidManifest.xml:29:13-31:52
81                android:name="androidx.profileinstaller.ProfileInstallerInitializer"
81-->[androidx.profileinstaller:profileinstaller:1.3.1] AndroidManifest.xml:30:17-85
82                android:value="androidx.startup" />
82-->[androidx.profileinstaller:profileinstaller:1.3.1] AndroidManifest.xml:31:17-49
83        </provider>
84
85        <service
85-->[androidx.room:room-runtime:2.6.1] AndroidManifest.xml:24:9-28:63
86            android:name="androidx.room.MultiInstanceInvalidationService"
86-->[androidx.room:room-runtime:2.6.1] AndroidManifest.xml:25:13-74
87            android:directBootAware="true"
87-->[androidx.room:room-runtime:2.6.1] AndroidManifest.xml:26:13-43
88            android:exported="false" />
88-->[androidx.room:room-runtime:2.6.1] AndroidManifest.xml:27:13-37
89
90        <receiver
90-->[androidx.profileinstaller:profileinstaller:1.3.1] AndroidManifest.xml:34:9-52:20
91            android:name="androidx.profileinstaller.ProfileInstallReceiver"
91-->[androidx.profileinstaller:profileinstaller:1.3.1] AndroidManifest.xml:35:13-76
92            android:directBootAware="false"
92-->[androidx.profileinstaller:profileinstaller:1.3.1] AndroidManifest.xml:36:13-44
93            android:enabled="true"
93-->[androidx.profileinstaller:profileinstaller:1.3.1] AndroidManifest.xml:37:13-35
94            android:exported="true"
94-->[androidx.profileinstaller:profileinstaller:1.3.1] AndroidManifest.xml:38:13-36
95            android:permission="android.permission.DUMP" >
95-->[androidx.profileinstaller:profileinstaller:1.3.1] AndroidManifest.xml:39:13-57
96            <intent-filter>
96-->[androidx.profileinstaller:profileinstaller:1.3.1] AndroidManifest.xml:40:13-42:29
97                <action android:name="androidx.profileinstaller.action.INSTALL_PROFILE" />
97-->[androidx.profileinstaller:profileinstaller:1.3.1] AndroidManifest.xml:41:17-91
97-->[androidx.profileinstaller:profileinstaller:1.3.1] AndroidManifest.xml:41:25-88
98            </intent-filter>
99            <intent-filter>
99-->[androidx.profileinstaller:profileinstaller:1.3.1] AndroidManifest.xml:43:13-45:29
100                <action android:name="androidx.profileinstaller.action.SKIP_FILE" />
100-->[androidx.profileinstaller:profileinstaller:1.3.1] AndroidManifest.xml:44:17-85
100-->[androidx.profileinstaller:profileinstaller:1.3.1] AndroidManifest.xml:44:25-82
101            </intent-filter>
102            <intent-filter>
102-->[androidx.profileinstaller:profileinstaller:1.3.1] AndroidManifest.xml:46:13-48:29
103                <action android:name="androidx.profileinstaller.action.SAVE_PROFILE" />
103-->[androidx.profileinstaller:profileinstaller:1.3.1] AndroidManifest.xml:47:17-88
103-->[androidx.profileinstaller:profileinstaller:1.3.1] AndroidManifest.xml:47:25-85
104            </intent-filter>
105            <intent-filter>
105-->[androidx.profileinstaller:profileinstaller:1.3.1] AndroidManifest.xml:49:13-51:29
106                <action android:name="androidx.profileinstaller.action.BENCHMARK_OPERATION" />
106-->[androidx.profileinstaller:profileinstaller:1.3.1] AndroidManifest.xml:50:17-95
106-->[androidx.profileinstaller:profileinstaller:1.3.1] AndroidManifest.xml:50:25-92
107            </intent-filter>
108        </receiver>
109
110        <service
110-->[com.google.android.datatransport:transport-backend-cct:3.1.0] AndroidManifest.xml:29:9-35:19
111            android:name="com.google.android.datatransport.runtime.backends.TransportBackendDiscovery"
111-->[com.google.android.datatransport:transport-backend-cct:3.1.0] AndroidManifest.xml:30:13-103
112            android:exported="false" >
112-->[com.google.android.datatransport:transport-backend-cct:3.1.0] AndroidManifest.xml:31:13-37
113            <meta-data
113-->[com.google.android.datatransport:transport-backend-cct:3.1.0] AndroidManifest.xml:32:13-34:39
114                android:name="backend:com.google.android.datatransport.cct.CctBackendFactory"
114-->[com.google.android.datatransport:transport-backend-cct:3.1.0] AndroidManifest.xml:33:17-94
115                android:value="cct" />
115-->[com.google.android.datatransport:transport-backend-cct:3.1.0] AndroidManifest.xml:34:17-36
116        </service>
117        <service
117-->[com.google.android.datatransport:transport-runtime:3.1.0] AndroidManifest.xml:26:9-30:19
118            android:name="com.google.android.datatransport.runtime.scheduling.jobscheduling.JobInfoSchedulerService"
118-->[com.google.android.datatransport:transport-runtime:3.1.0] AndroidManifest.xml:27:13-117
119            android:exported="false"
119-->[com.google.android.datatransport:transport-runtime:3.1.0] AndroidManifest.xml:28:13-37
120            android:permission="android.permission.BIND_JOB_SERVICE" >
120-->[com.google.android.datatransport:transport-runtime:3.1.0] AndroidManifest.xml:29:13-69
121        </service>
122
123        <receiver
123-->[com.google.android.datatransport:transport-runtime:3.1.0] AndroidManifest.xml:32:9-34:40
124            android:name="com.google.android.datatransport.runtime.scheduling.jobscheduling.AlarmManagerSchedulerBroadcastReceiver"
124-->[com.google.android.datatransport:transport-runtime:3.1.0] AndroidManifest.xml:33:13-132
125            android:exported="false" />
125-->[com.google.android.datatransport:transport-runtime:3.1.0] AndroidManifest.xml:34:13-37
126    </application>
127
128</manifest>